Determining if the pthread_create exist failed with the following output:
Change Dir: /home/john/project/Elegent/08TransForm/src/learning_tf/build/CMakeFiles/CMakeTmp

Run Build Command:"/usr/bin/ninja" "cmTC_1b32b"
[1/2] Building C object CMakeFiles/cmTC_1b32b.dir/CheckSymbolExists.c.o
[2/2] Linking C executable cmTC_1b32b
FAILED: cmTC_1b32b 
: && /usr/bin/gcc   -rdynamic CMakeFiles/cmTC_1b32b.dir/CheckSymbolExists.c.o  -o cmTC_1b32b   && :
CMakeFiles/cmTC_1b32b.dir/CheckSymbolExists.c.o：在函数‘main’中：
CheckSymbolExists.c:(.text+0x1b)：对‘pthread_create’未定义的引用
collect2: error: ld returned 1 exit status
ninja: build stopped: subcommand failed.

File /home/john/project/Elegent/08TransForm/src/learning_tf/build/CMakeFiles/CMakeTmp/CheckSymbolExists.c:
/* */
#include <pthread.h>

int main(int argc, char** argv)
{
  (void)argv;
#ifndef pthread_create
  return ((int*)(&pthread_create))[argc];
#else
  (void)argc;
  return 0;
#endif
}

Determining if the function pthread_create exists in the pthreads failed with the following output:
Change Dir: /home/john/project/Elegent/08TransForm/src/learning_tf/build/CMakeFiles/CMakeTmp

Run Build Command:"/usr/bin/ninja" "cmTC_c5a7f"
[1/2] Building C object CMakeFiles/cmTC_c5a7f.dir/CheckFunctionExists.c.o
[2/2] Linking C executable cmTC_c5a7f
FAILED: cmTC_c5a7f 
: && /usr/bin/gcc -DCHECK_FUNCTION_EXISTS=pthread_create  -rdynamic CMakeFiles/cmTC_c5a7f.dir/CheckFunctionExists.c.o  -o cmTC_c5a7f  -lpthreads && :
/usr/bin/ld: 找不到 -lpthreads
collect2: error: ld returned 1 exit status
ninja: build stopped: subcommand failed.


