Performing C SOURCE FILE Test CMAKE_HAVE_LIBC_PTHREAD failed with the following output:
Change Dir: /home/john/Elegent/07Actionlib/build/CMakeFiles/CMakeScratch/TryCompile-Np4mBp

Run Build Command(s):/usr/bin/make -f Makefile cmTC_0abb2/fast && /usr/bin/make  -f CMakeFiles/cmTC_0abb2.dir/build.make CMakeFiles/cmTC_0abb2.dir/build
make[1]: 进入目录“/home/john/Elegent/07Actionlib/build/CMakeFiles/CMakeScratch/TryCompile-Np4mBp”
Building C object CMakeFiles/cmTC_0abb2.dir/src.c.o
/usr/bin/cc -DCMAKE_HAVE_LIBC_PTHREAD   -o CMakeFiles/cmTC_0abb2.dir/src.c.o -c /home/john/Elegent/07Actionlib/build/CMakeFiles/CMakeScratch/TryCompile-Np4mBp/src.c
Linking C executable cmTC_0abb2
/usr/bin/cmake -E cmake_link_script CMakeFiles/cmTC_0abb2.dir/link.txt --verbose=1
/usr/bin/cc -rdynamic CMakeFiles/cmTC_0abb2.dir/src.c.o -o cmTC_0abb2 
CMakeFiles/cmTC_0abb2.dir/src.c.o：在函数‘main’中：
src.c:(.text+0x3e)：对‘pthread_create’未定义的引用
src.c:(.text+0x4a)：对‘pthread_detach’未定义的引用
src.c:(.text+0x56)：对‘pthread_cancel’未定义的引用
src.c:(.text+0x67)：对‘pthread_join’未定义的引用
src.c:(.text+0x7b)：对‘pthread_atfork’未定义的引用
collect2: error: ld returned 1 exit status
CMakeFiles/cmTC_0abb2.dir/build.make:98: recipe for target 'cmTC_0abb2' failed
make[1]: *** [cmTC_0abb2] Error 1
make[1]: 离开目录“/home/john/Elegent/07Actionlib/build/CMakeFiles/CMakeScratch/TryCompile-Np4mBp”
Makefile:127: recipe for target 'cmTC_0abb2/fast' failed
make: *** [cmTC_0abb2/fast] Error 2


Source file was:
#include <pthread.h>

static void* test_func(void* data)
{
  return data;
}

int main(void)
{
  pthread_t thread;
  pthread_create(&thread, NULL, test_func, NULL);
  pthread_detach(thread);
  pthread_cancel(thread);
  pthread_join(thread, NULL);
  pthread_atfork(NULL, NULL, NULL);
  pthread_exit(NULL);

  return 0;
}


Determining if the function pthread_create exists in the pthreads failed with the following output:
Change Dir: /home/john/Elegent/07Actionlib/build/CMakeFiles/CMakeScratch/TryCompile-ZvoMrV

Run Build Command(s):/usr/bin/make -f Makefile cmTC_6885a/fast && /usr/bin/make  -f CMakeFiles/cmTC_6885a.dir/build.make CMakeFiles/cmTC_6885a.dir/build
make[1]: 进入目录“/home/john/Elegent/07Actionlib/build/CMakeFiles/CMakeScratch/TryCompile-ZvoMrV”
Building C object CMakeFiles/cmTC_6885a.dir/CheckFunctionExists.c.o
/usr/bin/cc   -DCHECK_FUNCTION_EXISTS=pthread_create -o CMakeFiles/cmTC_6885a.dir/CheckFunctionExists.c.o -c /home/john/Elegent/07Actionlib/build/CMakeFiles/CMakeScratch/TryCompile-ZvoMrV/CheckFunctionExists.c
Linking C executable cmTC_6885a
/usr/bin/cmake -E cmake_link_script CMakeFiles/cmTC_6885a.dir/link.txt --verbose=1
/usr/bin/cc  -DCHECK_FUNCTION_EXISTS=pthread_create -rdynamic CMakeFiles/cmTC_6885a.dir/CheckFunctionExists.c.o -o cmTC_6885a  -lpthreads 
/usr/bin/ld: 找不到 -lpthreads
collect2: error: ld returned 1 exit status
CMakeFiles/cmTC_6885a.dir/build.make:98: recipe for target 'cmTC_6885a' failed
make[1]: *** [cmTC_6885a] Error 1
make[1]: 离开目录“/home/john/Elegent/07Actionlib/build/CMakeFiles/CMakeScratch/TryCompile-ZvoMrV”
Makefile:127: recipe for target 'cmTC_6885a/fast' failed
make: *** [cmTC_6885a/fast] Error 2



