Performing C SOURCE FILE Test CMAKE_HAVE_LIBC_PTHREAD failed with the following output:
Change Dir: /home/john/Elegent/08TransForm/build/CMakeFiles/CMakeScratch/TryCompile-Nkr85n

Run Build Command(s):/usr/bin/make -f Makefile cmTC_cfb93/fast && /usr/bin/make  -f CMakeFiles/cmTC_cfb93.dir/build.make CMakeFiles/cmTC_cfb93.dir/build
make[1]: 进入目录“/home/john/Elegent/08TransForm/build/CMakeFiles/CMakeScratch/TryCompile-Nkr85n”
Building C object CMakeFiles/cmTC_cfb93.dir/src.c.o
/usr/bin/cc -DCMAKE_HAVE_LIBC_PTHREAD   -o CMakeFiles/cmTC_cfb93.dir/src.c.o -c /home/john/Elegent/08TransForm/build/CMakeFiles/CMakeScratch/TryCompile-Nkr85n/src.c
Linking C executable cmTC_cfb93
/usr/bin/cmake -E cmake_link_script CMakeFiles/cmTC_cfb93.dir/link.txt --verbose=1
/usr/bin/cc -rdynamic CMakeFiles/cmTC_cfb93.dir/src.c.o -o cmTC_cfb93 
CMakeFiles/cmTC_cfb93.dir/src.c.o：在函数‘main’中：
src.c:(.text+0x3e)：对‘pthread_create’未定义的引用
src.c:(.text+0x4a)：对‘pthread_detach’未定义的引用
src.c:(.text+0x56)：对‘pthread_cancel’未定义的引用
src.c:(.text+0x67)：对‘pthread_join’未定义的引用
src.c:(.text+0x7b)：对‘pthread_atfork’未定义的引用
collect2: error: ld returned 1 exit status
CMakeFiles/cmTC_cfb93.dir/build.make:98: recipe for target 'cmTC_cfb93' failed
make[1]: *** [cmTC_cfb93] Error 1
make[1]: 离开目录“/home/john/Elegent/08TransForm/build/CMakeFiles/CMakeScratch/TryCompile-Nkr85n”
Makefile:127: recipe for target 'cmTC_cfb93/fast' failed
make: *** [cmTC_cfb93/fast] Error 2


Source file was:
#include <pthread.h>

static void* test_func(void* data)
{
  return data;
}

int main(void)
{
  pthread_t thread;
  pthread_create(&thread, NULL, test_func, NULL);
  pthread_detach(thread);
  pthread_cancel(thread);
  pthread_join(thread, NULL);
  pthread_atfork(NULL, NULL, NULL);
  pthread_exit(NULL);

  return 0;
}


Determining if the function pthread_create exists in the pthreads failed with the following output:
Change Dir: /home/john/Elegent/08TransForm/build/CMakeFiles/CMakeScratch/TryCompile-T9W0nu

Run Build Command(s):/usr/bin/make -f Makefile cmTC_adb95/fast && /usr/bin/make  -f CMakeFiles/cmTC_adb95.dir/build.make CMakeFiles/cmTC_adb95.dir/build
make[1]: 进入目录“/home/john/Elegent/08TransForm/build/CMakeFiles/CMakeScratch/TryCompile-T9W0nu”
Building C object CMakeFiles/cmTC_adb95.dir/CheckFunctionExists.c.o
/usr/bin/cc   -DCHECK_FUNCTION_EXISTS=pthread_create -o CMakeFiles/cmTC_adb95.dir/CheckFunctionExists.c.o -c /home/john/Elegent/08TransForm/build/CMakeFiles/CMakeScratch/TryCompile-T9W0nu/CheckFunctionExists.c
Linking C executable cmTC_adb95
/usr/bin/cmake -E cmake_link_script CMakeFiles/cmTC_adb95.dir/link.txt --verbose=1
/usr/bin/cc  -DCHECK_FUNCTION_EXISTS=pthread_create -rdynamic CMakeFiles/cmTC_adb95.dir/CheckFunctionExists.c.o -o cmTC_adb95  -lpthreads 
/usr/bin/ld: 找不到 -lpthreads
collect2: error: ld returned 1 exit status
CMakeFiles/cmTC_adb95.dir/build.make:98: recipe for target 'cmTC_adb95' failed
make[1]: *** [cmTC_adb95] Error 1
make[1]: 离开目录“/home/john/Elegent/08TransForm/build/CMakeFiles/CMakeScratch/TryCompile-T9W0nu”
Makefile:127: recipe for target 'cmTC_adb95/fast' failed
make: *** [cmTC_adb95/fast] Error 2



