Determining if the pthread_create exist failed with the following output:
Change Dir: /home/john/project/Elegent/06Parameter/src/learning_parameter/build/CMakeFiles/CMakeTmp

Run Build Command:"/usr/bin/ninja" "cmTC_244b6"
[1/2] Building C object CMakeFiles/cmTC_244b6.dir/CheckSymbolExists.c.o
[2/2] Linking C executable cmTC_244b6
FAILED: cmTC_244b6 
: && /usr/bin/gcc   -rdynamic CMakeFiles/cmTC_244b6.dir/CheckSymbolExists.c.o  -o cmTC_244b6   && :
CMakeFiles/cmTC_244b6.dir/CheckSymbolExists.c.o：在函数‘main’中：
CheckSymbolExists.c:(.text+0x1b)：对‘pthread_create’未定义的引用
collect2: error: ld returned 1 exit status
ninja: build stopped: subcommand failed.

File /home/john/project/Elegent/06Parameter/src/learning_parameter/build/CMakeFiles/CMakeTmp/CheckSymbolExists.c:
/* */
#include <pthread.h>

int main(int argc, char** argv)
{
  (void)argv;
#ifndef pthread_create
  return ((int*)(&pthread_create))[argc];
#else
  (void)argc;
  return 0;
#endif
}

Determining if the function pthread_create exists in the pthreads failed with the following output:
Change Dir: /home/john/project/Elegent/06Parameter/src/learning_parameter/build/CMakeFiles/CMakeTmp

Run Build Command:"/usr/bin/ninja" "cmTC_3713b"
[1/2] Building C object CMakeFiles/cmTC_3713b.dir/CheckFunctionExists.c.o
[2/2] Linking C executable cmTC_3713b
FAILED: cmTC_3713b 
: && /usr/bin/gcc -DCHECK_FUNCTION_EXISTS=pthread_create  -rdynamic CMakeFiles/cmTC_3713b.dir/CheckFunctionExists.c.o  -o cmTC_3713b  -lpthreads && :
/usr/bin/ld: 找不到 -lpthreads
collect2: error: ld returned 1 exit status
ninja: build stopped: subcommand failed.


