Determining if the pthread_create exist failed with the following output:
Change Dir: /home/john/project/Elegent/07Actionlib/src/learning_action/build/CMakeFiles/CMakeTmp

Run Build Command:"/usr/bin/ninja" "cmTC_d9adb"
[1/2] Building C object CMakeFiles/cmTC_d9adb.dir/CheckSymbolExists.c.o
[2/2] Linking C executable cmTC_d9adb
FAILED: cmTC_d9adb 
: && /usr/bin/gcc   -rdynamic CMakeFiles/cmTC_d9adb.dir/CheckSymbolExists.c.o  -o cmTC_d9adb   && :
CMakeFiles/cmTC_d9adb.dir/CheckSymbolExists.c.o：在函数‘main’中：
CheckSymbolExists.c:(.text+0x1b)：对‘pthread_create’未定义的引用
collect2: error: ld returned 1 exit status
ninja: build stopped: subcommand failed.

File /home/john/project/Elegent/07Actionlib/src/learning_action/build/CMakeFiles/CMakeTmp/CheckSymbolExists.c:
/* */
#include <pthread.h>

int main(int argc, char** argv)
{
  (void)argv;
#ifndef pthread_create
  return ((int*)(&pthread_create))[argc];
#else
  (void)argc;
  return 0;
#endif
}

Determining if the function pthread_create exists in the pthreads failed with the following output:
Change Dir: /home/john/project/Elegent/07Actionlib/src/learning_action/build/CMakeFiles/CMakeTmp

Run Build Command:"/usr/bin/ninja" "cmTC_547bc"
[1/2] Building C object CMakeFiles/cmTC_547bc.dir/CheckFunctionExists.c.o
[2/2] Linking C executable cmTC_547bc
FAILED: cmTC_547bc 
: && /usr/bin/gcc -DCHECK_FUNCTION_EXISTS=pthread_create  -rdynamic CMakeFiles/cmTC_547bc.dir/CheckFunctionExists.c.o  -o cmTC_547bc  -lpthreads && :
/usr/bin/ld: 找不到 -lpthreads
collect2: error: ld returned 1 exit status
ninja: build stopped: subcommand failed.


